<?xml version="1.0" encoding="UTF-8"?>
<coverage generated="1622911607539" clover="3.2.0">
  <project timestamp="1622911607539" name="All files">
    <metrics statements="35" coveredstatements="35" conditionals="15" coveredconditionals="15" methods="3" coveredmethods="3" elements="53" coveredelements="53" complexity="0" loc="35" ncloc="35" packages="1" files="1" classes="1"/>
    <file name="fizzbuzz.js" path="/Users/parra/Documents/workspace/javascript/repo/fizzbuzz-javascript/fizzbuzz.js">
      <metrics statements="35" coveredstatements="35" conditionals="15" coveredconditionals="15" methods="3" coveredmethods="3"/>
      <line num="1" count="23" type="cond" truecount="1" falsecount="0"/>
      <line num="2" count="23" type="cond" truecount="1" falsecount="0"/>
      <line num="3" count="23" type="stmt"/>
      <line num="4" count="23" type="cond" truecount="1" falsecount="0"/>
      <line num="5" count="1" type="stmt"/>
      <line num="6" count="1" type="stmt"/>
      <line num="7" count="22" type="cond" truecount="1" falsecount="0"/>
      <line num="8" count="23" type="cond" truecount="1" falsecount="0"/>
      <line num="9" count="2" type="stmt"/>
      <line num="10" count="2" type="stmt"/>
      <line num="11" count="20" type="cond" truecount="1" falsecount="0"/>
      <line num="12" count="23" type="cond" truecount="2" falsecount="0"/>
      <line num="13" count="2" type="stmt"/>
      <line num="14" count="2" type="stmt"/>
      <line num="15" count="18" type="cond" truecount="1" falsecount="0"/>
      <line num="16" count="23" type="cond" truecount="1" falsecount="0"/>
      <line num="17" count="5" type="stmt"/>
      <line num="18" count="5" type="stmt"/>
      <line num="19" count="13" type="cond" truecount="1" falsecount="0"/>
      <line num="20" count="23" type="cond" truecount="1" falsecount="0"/>
      <line num="21" count="3" type="stmt"/>
      <line num="22" count="3" type="stmt"/>
      <line num="23" count="10" type="cond" truecount="1" falsecount="0"/>
      <line num="24" count="10" type="stmt"/>
      <line num="25" count="10" type="stmt"/>
      <line num="26" count="1" type="stmt"/>
      <line num="27" count="1" type="cond" truecount="1" falsecount="0"/>
      <line num="28" count="1" type="cond" truecount="1" falsecount="0"/>
      <line num="29" count="17" type="stmt"/>
      <line num="30" count="17" type="stmt"/>
      <line num="31" count="1" type="stmt"/>
      <line num="32" count="1" type="stmt"/>
      <line num="33" count="1" type="stmt"/>
      <line num="34" count="1" type="stmt"/>
      <line num="35" count="1" type="stmt"/>
    </file>
  </project>
</coverage>
