{"/Users/parra/Documents/workspace/javascript/repo/fizzbuzz-javascript/fizzbuzz.js": {"path":"/Users/parra/Documents/workspace/javascript/repo/fizzbuzz-javascript/fizzbuzz.js","all":false,"statementMap":{"0":{"start":{"line":1,"column":0},"end":{"line":1,"column":24}},"1":{"start":{"line":2,"column":0},"end":{"line":2,"column":32}},"2":{"start":{"line":3,"column":0},"end":{"line":3,"column":49}},"3":{"start":{"line":4,"column":0},"end":{"line":4,"column":3}},"4":{"start":{"line":5,"column":0},"end":{"line":5,"column":0}},"5":{"start":{"line":6,"column":0},"end":{"line":6,"column":18}},"6":{"start":{"line":7,"column":0},"end":{"line":7,"column":13}},"7":{"start":{"line":8,"column":0},"end":{"line":8,"column":3}},"8":{"start":{"line":9,"column":0},"end":{"line":9,"column":0}},"9":{"start":{"line":10,"column":0},"end":{"line":10,"column":39}},"10":{"start":{"line":11,"column":0},"end":{"line":11,"column":22}},"11":{"start":{"line":12,"column":0},"end":{"line":12,"column":3}},"12":{"start":{"line":13,"column":0},"end":{"line":13,"column":0}},"13":{"start":{"line":14,"column":0},"end":{"line":14,"column":22}},"14":{"start":{"line":15,"column":0},"end":{"line":15,"column":18}},"15":{"start":{"line":16,"column":0},"end":{"line":16,"column":3}},"16":{"start":{"line":17,"column":0},"end":{"line":17,"column":0}},"17":{"start":{"line":18,"column":0},"end":{"line":18,"column":22}},"18":{"start":{"line":19,"column":0},"end":{"line":19,"column":18}},"19":{"start":{"line":20,"column":0},"end":{"line":20,"column":3}},"20":{"start":{"line":21,"column":0},"end":{"line":21,"column":0}},"21":{"start":{"line":22,"column":0},"end":{"line":22,"column":13}},"22":{"start":{"line":23,"column":0},"end":{"line":23,"column":1}},"23":{"start":{"line":24,"column":0},"end":{"line":24,"column":0}},"24":{"start":{"line":25,"column":0},"end":{"line":25,"column":26}}},"s":{"0":6,"1":6,"2":1,"3":1,"4":5,"5":6,"6":1,"7":1,"8":4,"9":6,"10":1,"11":1,"12":3,"13":6,"14":1,"15":1,"16":2,"17":6,"18":1,"19":1,"20":1,"21":1,"22":1,"23":1,"24":1},"branchMap":{"0":{"type":"branch","line":1,"loc":{"start":{"line":1,"column":0},"end":{"line":23,"column":1}},"locations":[{"start":{"line":1,"column":0},"end":{"line":23,"column":1}}]},"1":{"type":"branch","line":2,"loc":{"start":{"line":2,"column":31},"end":{"line":4,"column":3}},"locations":[{"start":{"line":2,"column":31},"end":{"line":4,"column":3}}]},"2":{"type":"branch","line":5,"loc":{"start":{"line":5,"column":-1},"end":{"line":6,"column":6}},"locations":[{"start":{"line":5,"column":-1},"end":{"line":6,"column":6}}]},"3":{"type":"branch","line":6,"loc":{"start":{"line":6,"column":17},"end":{"line":8,"column":3}},"locations":[{"start":{"line":6,"column":17},"end":{"line":8,"column":3}}]},"4":{"type":"branch","line":9,"loc":{"start":{"line":9,"column":-1},"end":{"line":10,"column":9}},"locations":[{"start":{"line":9,"column":-1},"end":{"line":10,"column":9}}]},"5":{"type":"branch","line":10,"loc":{"start":{"line":10,"column":6},"end":{"line":10,"column":38}},"locations":[{"start":{"line":10,"column":6},"end":{"line":10,"column":38}}]},"6":{"type":"branch","line":10,"loc":{"start":{"line":10,"column":38},"end":{"line":12,"column":3}},"locations":[{"start":{"line":10,"column":38},"end":{"line":12,"column":3}}]},"7":{"type":"branch","line":13,"loc":{"start":{"line":13,"column":-1},"end":{"line":14,"column":6}},"locations":[{"start":{"line":13,"column":-1},"end":{"line":14,"column":6}}]},"8":{"type":"branch","line":14,"loc":{"start":{"line":14,"column":21},"end":{"line":16,"column":3}},"locations":[{"start":{"line":14,"column":21},"end":{"line":16,"column":3}}]},"9":{"type":"branch","line":17,"loc":{"start":{"line":17,"column":-1},"end":{"line":18,"column":6}},"locations":[{"start":{"line":17,"column":-1},"end":{"line":18,"column":6}}]},"10":{"type":"branch","line":18,"loc":{"start":{"line":18,"column":21},"end":{"line":23,"column":1}},"locations":[{"start":{"line":18,"column":21},"end":{"line":23,"column":1}}]}},"b":{"0":[6],"1":[1],"2":[5],"3":[1],"4":[4],"5":[2],"6":[1],"7":[3],"8":[1],"9":[2],"10":[1]},"fnMap":{"0":{"name":"fizzbuzz","decl":{"start":{"line":1,"column":0},"end":{"line":23,"column":1}},"loc":{"start":{"line":1,"column":0},"end":{"line":23,"column":1}},"line":1}},"f":{"0":6}}
}
