TN:
SF:fizzbuzz.js
FN:1,fizzbuzz
FN:2,divisible
FN:27,print
FNF:3
FNH:3
FNDA:23,fizzbuzz
FNDA:58,divisible
FNDA:1,print
DA:1,23
DA:2,23
DA:3,23
DA:4,23
DA:5,1
DA:6,1
DA:7,22
DA:8,23
DA:9,2
DA:10,2
DA:11,20
DA:12,23
DA:13,2
DA:14,2
DA:15,18
DA:16,23
DA:17,5
DA:18,5
DA:19,13
DA:20,23
DA:21,3
DA:22,3
DA:23,10
DA:24,10
DA:25,10
DA:26,1
DA:27,1
DA:28,1
DA:29,17
DA:30,17
DA:31,1
DA:32,1
DA:33,1
DA:34,1
DA:35,1
LF:35
LH:35
BRDA:1,0,0,23
BRDA:4,1,0,1
BRDA:7,2,0,22
BRDA:8,3,0,2
BRDA:11,4,0,20
BRDA:12,5,0,7
BRDA:12,6,0,2
BRDA:15,7,0,18
BRDA:16,8,0,5
BRDA:19,9,0,13
BRDA:20,10,0,3
BRDA:23,11,0,10
BRDA:2,12,0,58
BRDA:27,13,0,1
BRDA:28,14,0,17
BRF:15
BRH:15
end_of_record
